<?xml version="1.0" encoding="UTF-8"?>
<robot generator="Robot 5.0 (Python 3.7.9 on win32)" generated="20220704 11:51:13.116" rpa="false" schemaversion="3">
<suite id="s1" name="Item added" source="C:\Users\ett19809\PycharmProjects\Demo_Project_RobotFramework\Tests\Item_added.robot">
<test id="s1-t1" name="Should be able to search for product" line="6">
<kw name="Open Browser" library="SeleniumLibrary">
<arg>https://www.amazon.de/-/en/ref=nav_logo</arg>
<arg>chrome</arg>
<doc>Opens a new browser instance to the optional ``url``.</doc>
<msg timestamp="20220704 11:51:13.285" level="INFO">Opening browser 'chrome' to base url 'https://www.amazon.de/-/en/ref=nav_logo'.</msg>
<msg timestamp="20220704 11:51:16.417" level="INFO">Cannot capture screenshot because no browser is open.</msg>
<msg timestamp="20220704 11:51:16.417" level="FAIL">SessionNotCreatedException: Message: session not created: This version of ChromeDriver only supports Chrome version 101
Current browser version is 103.0.5060.66 with binary path C:\Program Files\Google\Chrome\Application\chrome.exe
Stacktrace:
Backtrace:
	Ordinal0 [0x006FB8F3+2406643]
	Ordinal0 [0x0068AF31+1945393]
	Ordinal0 [0x0057C748+837448]
	Ordinal0 [0x0059C8B3+968883]
	Ordinal0 [0x005984BA+951482]
	Ordinal0 [0x00595D71+941425]
	Ordinal0 [0x005C8EE0+1150688]
	Ordinal0 [0x005C8B3A+1149754]
	Ordinal0 [0x005C4096+1130646]
	Ordinal0 [0x0059E636+976438]
	Ordinal0 [0x0059F546+980294]
	GetHandleVerifier [0x00969612+2498066]
	GetHandleVerifier [0x0095C920+2445600]
	GetHandleVerifier [0x00794F2A+579370]
	GetHandleVerifier [0x00793D36+574774]
	Ordinal0 [0x00691C0B+1973259]
	Ordinal0 [0x00696688+1992328]
	Ordinal0 [0x00696775+1992565]
	Ordinal0 [0x0069F8D1+2029777]
	BaseThreadInitThunk [0x7627FA29+25]
	RtlGetAppContainerNamedObjectPath [0x77A97A7E+286]
	RtlGetAppContainerNamedObjectPath [0x77A97A4E+238]
</msg>
<status status="FAIL" starttime="20220704 11:51:13.285" endtime="20220704 11:51:16.417"/>
</kw>
<kw name="Maximize Browser Window" library="SeleniumLibrary">
<doc>Maximizes current browser window.</doc>
<status status="NOT RUN" starttime="20220704 11:51:16.417" endtime="20220704 11:51:16.417"/>
</kw>
<kw name="Sleep" library="BuiltIn">
<arg>3s</arg>
<doc>Pauses the test executed for the given time.</doc>
<status status="NOT RUN" starttime="20220704 11:51:16.417" endtime="20220704 11:51:16.417"/>
</kw>
<kw name="Click Button" library="SeleniumLibrary">
<arg>id=sp-cc-accept</arg>
<doc>Clicks the button identified by ``locator``.</doc>
<status status="NOT RUN" starttime="20220704 11:51:16.417" endtime="20220704 11:51:16.417"/>
</kw>
<kw name="Input Text" library="SeleniumLibrary">
<arg>id=twotabsearchtextbox</arg>
<arg>Nba hoodie zipper</arg>
<doc>Types the given ``text`` into the text field identified by ``locator``.</doc>
<status status="NOT RUN" starttime="20220704 11:51:16.417" endtime="20220704 11:51:16.417"/>
</kw>
<kw name="Click Button" library="SeleniumLibrary">
<arg>xpath=//input[@id='nav-search-submit-button']</arg>
<doc>Clicks the button identified by ``locator``.</doc>
<status status="NOT RUN" starttime="20220704 11:51:16.417" endtime="20220704 11:51:16.417"/>
</kw>
<kw name="Sleep" library="BuiltIn">
<arg>3s</arg>
<doc>Pauses the test executed for the given time.</doc>
<status status="NOT RUN" starttime="20220704 11:51:16.417" endtime="20220704 11:51:16.417"/>
</kw>
<kw name="Wait Until Element Is Visible" library="SeleniumLibrary">
<arg>xpath=//*[@id="search"]/div[1]/div[1]/div/span[3]/div[2]/div[5]/div/div/div/div/div[2]/div[1]/h2/a/span</arg>
<doc>Waits until the element ``locator`` is visible.</doc>
<status status="NOT RUN" starttime="20220704 11:51:16.417" endtime="20220704 11:51:16.417"/>
</kw>
<kw name="Click Element" library="SeleniumLibrary">
<arg>xpath=//*[@id="search"]/div[1]/div[1]/div/span[3]/div[2]/div[5]/div/div/div/div/div[2]/div[1]/h2/a/span</arg>
<doc>Click the element identified by ``locator``.</doc>
<status status="NOT RUN" starttime="20220704 11:51:16.417" endtime="20220704 11:51:16.417"/>
</kw>
<kw name="Wait Until Page Contains Element" library="SeleniumLibrary">
<arg>id=add-to-cart-button</arg>
<doc>Waits until the element ``locator`` appears on the current page.</doc>
<status status="NOT RUN" starttime="20220704 11:51:16.417" endtime="20220704 11:51:16.417"/>
</kw>
<kw name="Click Element" library="SeleniumLibrary">
<arg>xpath=//a[@class='a-button-text a-text-left']</arg>
<doc>Click the element identified by ``locator``.</doc>
<status status="NOT RUN" starttime="20220704 11:51:16.417" endtime="20220704 11:51:16.417"/>
</kw>
<kw name="Wait Until Page Contains" library="SeleniumLibrary">
<arg>Sign In</arg>
<doc>Waits until ``text`` appears on the current page.</doc>
<status status="NOT RUN" starttime="20220704 11:51:16.417" endtime="20220704 11:51:16.417"/>
</kw>
<kw name="Close Browser" library="SeleniumLibrary">
<doc>Closes the current browser.</doc>
<status status="NOT RUN" starttime="20220704 11:51:16.417" endtime="20220704 11:51:16.417"/>
</kw>
<tag>addItem</tag>
<status status="FAIL" starttime="20220704 11:51:13.285" endtime="20220704 11:51:16.417">SessionNotCreatedException: Message: session not created: This version of ChromeDriver only supports Chrome version 101
Current browser version is 103.0.5060.66 with binary path C:\Program Files\Google\Chrome\Application\chrome.exe
Stacktrace:
Backtrace:
	Ordinal0 [0x006FB8F3+2406643]
	Ordinal0 [0x0068AF31+1945393]
	Ordinal0 [0x0057C748+837448]
	Ordinal0 [0x0059C8B3+968883]
	Ordinal0 [0x005984BA+951482]
	Ordinal0 [0x00595D71+941425]
	Ordinal0 [0x005C8EE0+1150688]
	Ordinal0 [0x005C8B3A+1149754]
	Ordinal0 [0x005C4096+1130646]
	Ordinal0 [0x0059E636+976438]
	Ordinal0 [0x0059F546+980294]
	GetHandleVerifier [0x00969612+2498066]
	GetHandleVerifier [0x0095C920+2445600]
	GetHandleVerifier [0x00794F2A+579370]
	GetHandleVerifier [0x00793D36+574774]
	Ordinal0 [0x00691C0B+1973259]
	Ordinal0 [0x00696688+1992328]
	Ordinal0 [0x00696775+1992565]
	Ordinal0 [0x0069F8D1+2029777]
	BaseThreadInitThunk [0x7627FA29+25]
	RtlGetAppContainerNamedObjectPath [0x77A97A7E+286]
	RtlGetAppContainerNamedObjectPath [0x77A97A4E+238]
</status>
</test>
<status status="FAIL" starttime="20220704 11:51:13.116" endtime="20220704 11:51:16.417"/>
</suite>
<statistics>
<total>
<stat pass="0" fail="1" skip="0">All Tests</stat>
</total>
<tag>
<stat pass="0" fail="1" skip="0">addItem</stat>
</tag>
<suite>
<stat pass="0" fail="1" skip="0" id="s1" name="Item added">Item added</stat>
</suite>
</statistics>
<errors>
</errors>
</robot>
